[17:37:33] [Client thread/INFO]: Setting user: Player281
[17:37:33] [Client thread/INFO]: (Session ID is token:0:Player281)
[17:37:34] [Client thread/INFO]: [OptiFine] *** Reflector Forge ***
[17:37:34] [Client thread/INFO]: [OptiFine] *** Reflector Vanilla ***
[17:37:34] [Client thread/INFO]: [OptiFine] (Reflector) Class not present: net.minecraftforge.fml.common.eventhandler.Event$Result
[17:37:34] [Client thread/INFO]: [OptiFine] (Reflector) Class not present: net.minecraft.launchwrapper.Launch
[17:37:34] [Client thread/INFO]: LWJGL Version: 2.9.4
[17:37:34] [Client thread/INFO]: [OptiFine] 
[17:37:34] [Client thread/INFO]: [OptiFine] OptiFine_1.8.9_HD_U_M5
[17:37:34] [Client thread/INFO]: [OptiFine] Build: null
[17:37:34] [Client thread/INFO]: [OptiFine] OS: Windows 10 (amd64) version 10.0
[17:37:34] [Client thread/INFO]: [OptiFine] Java: 1.8.0_332, Amazon.com Inc.
[17:37:34] [Client thread/INFO]: [OptiFine] VM: OpenJDK 64-Bit Server VM (mixed mode), Amazon.com Inc.
[17:37:34] [Client thread/INFO]: [OptiFine] LWJGL: 2.9.4
[17:37:34] [Client thread/INFO]: [OptiFine] OpenGL: NVIDIA GeForce RTX 3060 Laptop GPU/PCIe/SSE2, version 4.6.0 NVIDIA 512.78, NVIDIA Corporation
[17:37:34] [Client thread/INFO]: [OptiFine] OpenGL Version: 4.6.0
[17:37:34] [Client thread/INFO]: [OptiFine] Maximum texture size: 32768x32768
[17:37:34] [VersionCheck/INFO]: [OptiFine] Checking for new version
[17:37:34] [Client thread/INFO]: [Shaders] OpenGL Version: 4.6.0 NVIDIA 512.78
[17:37:34] [Client thread/INFO]: [Shaders] Vendor:  NVIDIA Corporation
[17:37:34] [Client thread/INFO]: [Shaders] Renderer: NVIDIA GeForce RTX 3060 Laptop GPU/PCIe/SSE2
[17:37:34] [Client thread/INFO]: [Shaders] Capabilities:  2.0  2.1  3.0  3.2  4.0 
[17:37:34] [Client thread/INFO]: [Shaders] GL_MAX_DRAW_BUFFERS: 8
[17:37:34] [Client thread/INFO]: [Shaders] GL_MAX_COLOR_ATTACHMENTS_EXT: 8
[17:37:34] [Client thread/INFO]: [Shaders] GL_MAX_TEXTURE_IMAGE_UNITS: 32
[17:37:34] [Client thread/INFO]: [Shaders] Load shaders configuration.
[17:37:34] [Client thread/INFO]: [Shaders] Save shaders configuration.
[17:37:34] [Client thread/INFO]: [Shaders] No shaderpack loaded.
[17:37:34] [Client thread/INFO]: [OptiFine] (Reflector) Class not present: net.minecraftforge.fml.common.Loader
[17:37:34] [VersionCheck/INFO]: [OptiFine] Version found: M5
[17:37:34] [Client thread/INFO]: [OptiFine] (Reflector) Class not present: net.minecraftforge.fml.client.SplashProgress
[17:37:34] [Client thread/INFO]: Reloading ResourceManager: Default
[17:37:34] [Client thread/INFO]: [OptiFine] (Reflector) Class not present: optifine.OptiFineClassTransformer
[17:37:34] [Client thread/INFO]: [OptiFine] *** Reloading textures ***
[17:37:34] [Client thread/INFO]: [OptiFine] Resource packs: Default
[17:37:35] [Client thread/INFO]: [OptiFine] (Reflector) Class not present: net.minecraftforge.client.model.Attributes
[17:37:35] [Client thread/INFO]: [OptiFine] (Reflector) Method not present: net.minecraft.client.renderer.vertex.VertexFormatElement$EnumUsage.preDraw
[17:37:35] [Client thread/INFO]: [OptiFine] (Reflector) Method not present: net.minecraft.client.renderer.vertex.VertexFormatElement$EnumUsage.postDraw
[17:37:35] [Sound Library Loader/INFO]: Starting up SoundSystem...
[17:37:35] [Thread-6/INFO]: Initializing LWJGL OpenAL
[17:37:35] [Thread-6/INFO]: (The LWJGL binding of OpenAL.  For more information, see http://www.lwjgl.org)
[17:37:35] [Thread-6/INFO]: OpenAL initialized.
[17:37:35] [Sound Library Loader/INFO]: Sound engine started
[17:37:35] [Client thread/INFO]: [OptiFine] (Reflector) Class not present: net.minecraftforge.client.ForgeHooksClient
